
*** Running vivado
    with args -log CSSTE_pipeline.vds -m64 -product Vivado -mode batch -messageDb vivado.pb -notrace -source CSSTE_pipeline.tcl


ECHO 处于关闭状态。
ECHO 处于关闭状态。

****** Vivado v2023.1 (64-bit)
  **** SW Build 3865809 on Sun May  7 15:05:29 MDT 2023
  **** IP Build 3864474 on Sun May  7 20:36:21 MDT 2023
  **** SharedData Build 3865790 on Sun May 07 13:33:03 MDT 2023
    ** Copyright 1986-2022 Xilinx, Inc. All Rights Reserved.
    ** Copyright 2022-2023 Advanced Micro Devices, Inc. All Rights Reserved.

source CSSTE_pipeline.tcl -notrace
INFO: [IP_Flow 19-234] Refreshing IP repositories
INFO: [IP_Flow 19-1700] Loaded user IP repository 'd:/IPcore/Seg7_Dev'.
INFO: [IP_Flow 19-1700] Loaded user IP repository 'd:/IPcore/VGA'.
INFO: [IP_Flow 19-2313] Loaded Vivado IP repository 'E:/Xilinx/Vivado/2023.1/data/ip'.
Command: read_checkpoint -auto_incremental -incremental D:/ZJUlesson/24Spring/CO/lab5/SOC-stall/OExp02-IP2SOC.srcs/utils_1/imports/synth_1/CSSTE.dcp
INFO: [Vivado 12-5825] Read reference checkpoint from D:/ZJUlesson/24Spring/CO/lab5/SOC-stall/OExp02-IP2SOC.srcs/utils_1/imports/synth_1/CSSTE.dcp for incremental synthesis
INFO: [Vivado 12-7989] Please ensure there are no constraint changes
Command: synth_design -top CSSTE_pipeline -part xc7a100tcsg324-1
Starting synth_design
Attempting to get a license for feature 'Synthesis' and/or device 'xc7a100t'
INFO: [Common 17-349] Got license for feature 'Synthesis' and/or device 'xc7a100t'
INFO: [Device 21-403] Loading part xc7a100tcsg324-1
INFO: [Designutils 20-5440] No compile time benefit to using incremental synthesis; A full resynthesis will be run
INFO: [Designutils 20-4379] Flow is switching to default flow due to incremental criteria not met. If you would like to alter this behaviour and have the flow terminate instead, please set the following parameter config_implementation {autoIncr.Synth.RejectBehavior Terminate}
INFO: [Synth 8-7079] Multithreading enabled for synth_design using a maximum of 2 processes.
INFO: [Synth 8-7078] Launching helper process for spawning children vivado processes
INFO: [Synth 8-7075] Helper process launched with PID 27520
INFO: [Synth 8-11241] undeclared symbol 'ctrl_ID', assumed default net type 'wire' [D:/ZJUlesson/24Spring/CO/lab5/SOC-stall/OExp02-IP2SOC.srcs/sources_1/new/stall.v:56]
INFO: [Synth 8-11241] undeclared symbol 'ctrl_EX', assumed default net type 'wire' [D:/ZJUlesson/24Spring/CO/lab5/SOC-stall/OExp02-IP2SOC.srcs/sources_1/new/stall.v:57]
INFO: [Synth 8-11241] undeclared symbol 'ctrl_Mem', assumed default net type 'wire' [D:/ZJUlesson/24Spring/CO/lab5/SOC-stall/OExp02-IP2SOC.srcs/sources_1/new/stall.v:58]
---------------------------------------------------------------------------------
Starting RTL Elaboration : Time (s): cpu = 00:00:01 ; elapsed = 00:00:04 . Memory (MB): peak = 1301.969 ; gain = 411.309
---------------------------------------------------------------------------------
INFO: [Synth 8-6157] synthesizing module 'CSSTE_pipeline' [D:/ZJUlesson/24Spring/CO/lab5/SOC-stall/OExp02-IP2SOC.srcs/sources_1/new/CSSTE_pipline.v:23]
INFO: [Synth 8-6157] synthesizing module 'Pipeline_CPU' [D:/ZJUlesson/24Spring/CO/lab5/SOC-stall/OExp02-IP2SOC.srcs/sources_1/new/Pipeline_CPU.v:23]
INFO: [Synth 8-6157] synthesizing module 'stall' [D:/ZJUlesson/24Spring/CO/lab5/SOC-stall/OExp02-IP2SOC.srcs/sources_1/new/stall.v:23]
INFO: [Synth 8-6155] done synthesizing module 'stall' (0#1) [D:/ZJUlesson/24Spring/CO/lab5/SOC-stall/OExp02-IP2SOC.srcs/sources_1/new/stall.v:23]
INFO: [Synth 8-6157] synthesizing module 'Pipeline_IF' [D:/ZJUlesson/24Spring/CO/lab5/SOC-stall/OExp02-IP2SOC.srcs/sources_1/imports/pipeline/Pipeline_IF.v:2]
INFO: [Synth 8-6155] done synthesizing module 'Pipeline_IF' (0#1) [D:/ZJUlesson/24Spring/CO/lab5/SOC-stall/OExp02-IP2SOC.srcs/sources_1/imports/pipeline/Pipeline_IF.v:2]
INFO: [Synth 8-6157] synthesizing module 'IF_reg_ID' [D:/ZJUlesson/24Spring/CO/lab5/SOC-stall/OExp02-IP2SOC.srcs/sources_1/imports/pipeline/IF_reg_ID.v:2]
INFO: [Synth 8-6155] done synthesizing module 'IF_reg_ID' (0#1) [D:/ZJUlesson/24Spring/CO/lab5/SOC-stall/OExp02-IP2SOC.srcs/sources_1/imports/pipeline/IF_reg_ID.v:2]
INFO: [Synth 8-6157] synthesizing module 'Pipeline_ID' [D:/ZJUlesson/24Spring/CO/lab5/SOC-stall/OExp02-IP2SOC.srcs/sources_1/imports/pipeline/Pipeline_ID.v:3]
INFO: [Synth 8-6157] synthesizing module 'SCPU_ctrl' [D:/ZJUlesson/24Spring/CO/lab5/SOC-stall/OExp02-IP2SOC.srcs/sources_1/imports/IP/SCPU_ctrl.v:17]
INFO: [Synth 8-226] default block is never used [D:/ZJUlesson/24Spring/CO/lab5/SOC-stall/OExp02-IP2SOC.srcs/sources_1/imports/IP/SCPU_ctrl.v:66]
INFO: [Synth 8-226] default block is never used [D:/ZJUlesson/24Spring/CO/lab5/SOC-stall/OExp02-IP2SOC.srcs/sources_1/imports/IP/SCPU_ctrl.v:84]
INFO: [Synth 8-6155] done synthesizing module 'SCPU_ctrl' (0#1) [D:/ZJUlesson/24Spring/CO/lab5/SOC-stall/OExp02-IP2SOC.srcs/sources_1/imports/IP/SCPU_ctrl.v:17]
INFO: [Synth 8-6157] synthesizing module 'Regfile' [D:/ZJUlesson/24Spring/CO/lab5/SOC-stall/OExp02-IP2SOC.srcs/sources_1/imports/IP/Regfile.v:23]
INFO: [Synth 8-6155] done synthesizing module 'Regfile' (0#1) [D:/ZJUlesson/24Spring/CO/lab5/SOC-stall/OExp02-IP2SOC.srcs/sources_1/imports/IP/Regfile.v:23]
INFO: [Synth 8-6157] synthesizing module 'ImmGen' [D:/ZJUlesson/24Spring/CO/lab5/SOC-stall/OExp02-IP2SOC.srcs/sources_1/imports/IP/ImmGen.v:23]
INFO: [Synth 8-6155] done synthesizing module 'ImmGen' (0#1) [D:/ZJUlesson/24Spring/CO/lab5/SOC-stall/OExp02-IP2SOC.srcs/sources_1/imports/IP/ImmGen.v:23]
INFO: [Synth 8-6155] done synthesizing module 'Pipeline_ID' (0#1) [D:/ZJUlesson/24Spring/CO/lab5/SOC-stall/OExp02-IP2SOC.srcs/sources_1/imports/pipeline/Pipeline_ID.v:3]
INFO: [Synth 8-6157] synthesizing module 'ID_reg_Ex' [D:/ZJUlesson/24Spring/CO/lab5/SOC-stall/OExp02-IP2SOC.srcs/sources_1/imports/pipeline/ID_reg_Ex.v:2]
INFO: [Synth 8-6155] done synthesizing module 'ID_reg_Ex' (0#1) [D:/ZJUlesson/24Spring/CO/lab5/SOC-stall/OExp02-IP2SOC.srcs/sources_1/imports/pipeline/ID_reg_Ex.v:2]
INFO: [Synth 8-6157] synthesizing module 'Pipeline_Ex' [D:/ZJUlesson/24Spring/CO/lab5/SOC-stall/OExp02-IP2SOC.srcs/sources_1/imports/pipeline/Pipeline_Ex.v:16]
INFO: [Synth 8-6157] synthesizing module 'ALU' [D:/ZJUlesson/24Spring/CO/lab5/SOC-stall/OExp02-IP2SOC.srcs/sources_1/imports/IP/ALU.v:23]
INFO: [Synth 8-6155] done synthesizing module 'ALU' (0#1) [D:/ZJUlesson/24Spring/CO/lab5/SOC-stall/OExp02-IP2SOC.srcs/sources_1/imports/IP/ALU.v:23]
INFO: [Synth 8-6155] done synthesizing module 'Pipeline_Ex' (0#1) [D:/ZJUlesson/24Spring/CO/lab5/SOC-stall/OExp02-IP2SOC.srcs/sources_1/imports/pipeline/Pipeline_Ex.v:16]
INFO: [Synth 8-6157] synthesizing module 'Ex_reg_Mem' [D:/ZJUlesson/24Spring/CO/lab5/SOC-stall/OExp02-IP2SOC.srcs/sources_1/imports/pipeline/Ex_reg_Mem.v:2]
INFO: [Synth 8-6155] done synthesizing module 'Ex_reg_Mem' (0#1) [D:/ZJUlesson/24Spring/CO/lab5/SOC-stall/OExp02-IP2SOC.srcs/sources_1/imports/pipeline/Ex_reg_Mem.v:2]
INFO: [Synth 8-6157] synthesizing module 'Pipeline_Mem' [D:/ZJUlesson/24Spring/CO/lab5/SOC-stall/OExp02-IP2SOC.srcs/sources_1/imports/pipeline/Pipeline_Mem.v:16]
INFO: [Synth 8-6155] done synthesizing module 'Pipeline_Mem' (0#1) [D:/ZJUlesson/24Spring/CO/lab5/SOC-stall/OExp02-IP2SOC.srcs/sources_1/imports/pipeline/Pipeline_Mem.v:16]
INFO: [Synth 8-6157] synthesizing module 'Mem_reg_WB' [D:/ZJUlesson/24Spring/CO/lab5/SOC-stall/OExp02-IP2SOC.srcs/sources_1/imports/pipeline/Mem_reg_WB.v:2]
INFO: [Synth 8-6155] done synthesizing module 'Mem_reg_WB' (0#1) [D:/ZJUlesson/24Spring/CO/lab5/SOC-stall/OExp02-IP2SOC.srcs/sources_1/imports/pipeline/Mem_reg_WB.v:2]
INFO: [Synth 8-6157] synthesizing module 'Pipeline_WB' [D:/ZJUlesson/24Spring/CO/lab5/SOC-stall/OExp02-IP2SOC.srcs/sources_1/imports/pipeline/Pipeline_WB.v:16]
INFO: [Synth 8-6155] done synthesizing module 'Pipeline_WB' (0#1) [D:/ZJUlesson/24Spring/CO/lab5/SOC-stall/OExp02-IP2SOC.srcs/sources_1/imports/pipeline/Pipeline_WB.v:16]
INFO: [Synth 8-6155] done synthesizing module 'Pipeline_CPU' (0#1) [D:/ZJUlesson/24Spring/CO/lab5/SOC-stall/OExp02-IP2SOC.srcs/sources_1/new/Pipeline_CPU.v:23]
INFO: [Synth 8-6157] synthesizing module 'ROM' [D:/ZJUlesson/24Spring/CO/lab5/SOC-stall/OExp02-IP2SOC.runs/synth_1/.Xil/Vivado-11360-LAPTOP-24U2CQ3S/realtime/ROM_stub.v:6]
INFO: [Synth 8-6155] done synthesizing module 'ROM' (0#1) [D:/ZJUlesson/24Spring/CO/lab5/SOC-stall/OExp02-IP2SOC.runs/synth_1/.Xil/Vivado-11360-LAPTOP-24U2CQ3S/realtime/ROM_stub.v:6]
INFO: [Synth 8-6157] synthesizing module 'RAM_B' [D:/ZJUlesson/24Spring/CO/lab5/SOC-stall/OExp02-IP2SOC.runs/synth_1/.Xil/Vivado-11360-LAPTOP-24U2CQ3S/realtime/RAM_B_stub.v:6]
INFO: [Synth 8-6155] done synthesizing module 'RAM_B' (0#1) [D:/ZJUlesson/24Spring/CO/lab5/SOC-stall/OExp02-IP2SOC.runs/synth_1/.Xil/Vivado-11360-LAPTOP-24U2CQ3S/realtime/RAM_B_stub.v:6]
INFO: [Synth 8-6157] synthesizing module 'MIO_BUS' [D:/ZJUlesson/24Spring/CO/lab5/SOC-stall/OExp02-IP2SOC.srcs/sources_1/imports/Supplementary/MIO_BUS.v:15]
INFO: [Synth 8-6157] synthesizing module 'Multi_8CH32' [D:/ZJUlesson/24Spring/CO/lab5/SOC-stall/OExp02-IP2SOC.srcs/sources_1/imports/Supplementary/Multi_8CH32.v:15]
INFO: [Synth 8-6157] synthesizing module 'Seg7_Dev' [D:/ZJUlesson/24Spring/CO/lab5/SOC-stall/OExp02-IP2SOC.srcs/sources_1/imports/new/Seg7_Dev.v:23]
INFO: [Synth 8-6157] synthesizing module 'dispsync' [D:/ZJUlesson/24Spring/CO/lab5/SOC-stall/OExp02-IP2SOC.srcs/sources_1/imports/new/DisplaySync.v:23]
INFO: [Synth 8-6155] done synthesizing module 'dispsync' (0#1) [D:/ZJUlesson/24Spring/CO/lab5/SOC-stall/OExp02-IP2SOC.srcs/sources_1/imports/new/DisplaySync.v:23]
INFO: [Synth 8-6157] synthesizing module 'MC_14495' [D:/ZJUlesson/24Spring/CO/lab5/SOC-stall/OExp02-IP2SOC.srcs/sources_1/imports/new/MC_14495.v:23]
INFO: [Synth 8-6157] synthesizing module 'INV' [E:/Xilinx/Vivado/2023.1/scripts/rt/data/unisim_comp.v:76256]
INFO: [Synth 8-6155] done synthesizing module 'INV' (0#1) [E:/Xilinx/Vivado/2023.1/scripts/rt/data/unisim_comp.v:76256]
INFO: [Synth 8-6157] synthesizing module 'AND4' [E:/Xilinx/Vivado/2023.1/scripts/rt/data/unisim_comp.v:569]
INFO: [Synth 8-6155] done synthesizing module 'AND4' (0#1) [E:/Xilinx/Vivado/2023.1/scripts/rt/data/unisim_comp.v:569]
INFO: [Synth 8-6157] synthesizing module 'OR4' [E:/Xilinx/Vivado/2023.1/scripts/rt/data/unisim_comp.v:95090]
INFO: [Synth 8-6155] done synthesizing module 'OR4' (0#1) [E:/Xilinx/Vivado/2023.1/scripts/rt/data/unisim_comp.v:95090]
INFO: [Synth 8-6157] synthesizing module 'AND3' [E:/Xilinx/Vivado/2023.1/scripts/rt/data/unisim_comp.v:521]
INFO: [Synth 8-6155] done synthesizing module 'AND3' (0#1) [E:/Xilinx/Vivado/2023.1/scripts/rt/data/unisim_comp.v:521]
INFO: [Synth 8-6157] synthesizing module 'OR3' [E:/Xilinx/Vivado/2023.1/scripts/rt/data/unisim_comp.v:95042]
INFO: [Synth 8-6155] done synthesizing module 'OR3' (0#1) [E:/Xilinx/Vivado/2023.1/scripts/rt/data/unisim_comp.v:95042]
INFO: [Synth 8-6157] synthesizing module 'AND2' [E:/Xilinx/Vivado/2023.1/scripts/rt/data/unisim_comp.v:473]
INFO: [Synth 8-6155] done synthesizing module 'AND2' (0#1) [E:/Xilinx/Vivado/2023.1/scripts/rt/data/unisim_comp.v:473]
INFO: [Synth 8-6157] synthesizing module 'OR2' [E:/Xilinx/Vivado/2023.1/scripts/rt/data/unisim_comp.v:94996]
INFO: [Synth 8-6155] done synthesizing module 'OR2' (0#1) [E:/Xilinx/Vivado/2023.1/scripts/rt/data/unisim_comp.v:94996]
INFO: [Synth 8-6155] done synthesizing module 'MC_14495' (0#1) [D:/ZJUlesson/24Spring/CO/lab5/SOC-stall/OExp02-IP2SOC.srcs/sources_1/imports/new/MC_14495.v:23]
INFO: [Synth 8-6155] done synthesizing module 'Seg7_Dev' (0#1) [D:/ZJUlesson/24Spring/CO/lab5/SOC-stall/OExp02-IP2SOC.srcs/sources_1/imports/new/Seg7_Dev.v:23]
INFO: [Synth 8-6157] synthesizing module 'SPIO' [D:/ZJUlesson/24Spring/CO/lab5/SOC-stall/OExp02-IP2SOC.srcs/sources_1/imports/Supplementary/SPIO.v:15]
WARNING: [Synth 8-7071] port 'led_clk' of module 'SPIO' is unconnected for instance 'u7' [D:/ZJUlesson/24Spring/CO/lab5/SOC-stall/OExp02-IP2SOC.srcs/sources_1/new/CSSTE_pipline.v:148]
WARNING: [Synth 8-7071] port 'led_sout' of module 'SPIO' is unconnected for instance 'u7' [D:/ZJUlesson/24Spring/CO/lab5/SOC-stall/OExp02-IP2SOC.srcs/sources_1/new/CSSTE_pipline.v:148]
WARNING: [Synth 8-7071] port 'led_clrn' of module 'SPIO' is unconnected for instance 'u7' [D:/ZJUlesson/24Spring/CO/lab5/SOC-stall/OExp02-IP2SOC.srcs/sources_1/new/CSSTE_pipline.v:148]
WARNING: [Synth 8-7071] port 'LED_PEN' of module 'SPIO' is unconnected for instance 'u7' [D:/ZJUlesson/24Spring/CO/lab5/SOC-stall/OExp02-IP2SOC.srcs/sources_1/new/CSSTE_pipline.v:148]
WARNING: [Synth 8-7071] port 'GPIOf0' of module 'SPIO' is unconnected for instance 'u7' [D:/ZJUlesson/24Spring/CO/lab5/SOC-stall/OExp02-IP2SOC.srcs/sources_1/new/CSSTE_pipline.v:148]
WARNING: [Synth 8-7023] instance 'u7' of module 'SPIO' has 12 connections declared, but only 7 given [D:/ZJUlesson/24Spring/CO/lab5/SOC-stall/OExp02-IP2SOC.srcs/sources_1/new/CSSTE_pipline.v:148]
INFO: [Synth 8-6157] synthesizing module 'clk_div' [D:/ZJUlesson/24Spring/CO/lab5/SOC-stall/OExp02-IP2SOC.srcs/sources_1/imports/Supplementary/clk_div.v:15]
INFO: [Synth 8-6157] synthesizing module 'SAnti_jitter' [D:/ZJUlesson/24Spring/CO/lab5/SOC-stall/OExp02-IP2SOC.srcs/sources_1/imports/Supplementary/SAnti_jitter.v:15]
WARNING: [Synth 8-7071] port 'readn' of module 'SAnti_jitter' is unconnected for instance 'u9' [D:/ZJUlesson/24Spring/CO/lab5/SOC-stall/OExp02-IP2SOC.srcs/sources_1/new/CSSTE_pipline.v:155]
WARNING: [Synth 8-7071] port 'Key_x' of module 'SAnti_jitter' is unconnected for instance 'u9' [D:/ZJUlesson/24Spring/CO/lab5/SOC-stall/OExp02-IP2SOC.srcs/sources_1/new/CSSTE_pipline.v:155]
WARNING: [Synth 8-7071] port 'Key_out' of module 'SAnti_jitter' is unconnected for instance 'u9' [D:/ZJUlesson/24Spring/CO/lab5/SOC-stall/OExp02-IP2SOC.srcs/sources_1/new/CSSTE_pipline.v:155]
WARNING: [Synth 8-7071] port 'Key_ready' of module 'SAnti_jitter' is unconnected for instance 'u9' [D:/ZJUlesson/24Spring/CO/lab5/SOC-stall/OExp02-IP2SOC.srcs/sources_1/new/CSSTE_pipline.v:155]
WARNING: [Synth 8-7071] port 'pulse_out' of module 'SAnti_jitter' is unconnected for instance 'u9' [D:/ZJUlesson/24Spring/CO/lab5/SOC-stall/OExp02-IP2SOC.srcs/sources_1/new/CSSTE_pipline.v:155]
WARNING: [Synth 8-7071] port 'CR' of module 'SAnti_jitter' is unconnected for instance 'u9' [D:/ZJUlesson/24Spring/CO/lab5/SOC-stall/OExp02-IP2SOC.srcs/sources_1/new/CSSTE_pipline.v:155]
WARNING: [Synth 8-7023] instance 'u9' of module 'SAnti_jitter' has 13 connections declared, but only 7 given [D:/ZJUlesson/24Spring/CO/lab5/SOC-stall/OExp02-IP2SOC.srcs/sources_1/new/CSSTE_pipline.v:155]
INFO: [Synth 8-6157] synthesizing module 'Counter_x' [D:/ZJUlesson/24Spring/CO/lab5/SOC-stall/OExp02-IP2SOC.srcs/sources_1/imports/Supplementary/Counter_x.v:15]
INFO: [Synth 8-6157] synthesizing module 'VGA' [D:/ZJUlesson/24Spring/CO/lab5/SOC-stall/OExp02-IP2SOC.srcs/sources_1/imports/VGA/VGA.v:23]
INFO: [Synth 8-6157] synthesizing module 'VgaController' [D:/ZJUlesson/24Spring/CO/lab5/SOC-stall/OExp02-IP2SOC.srcs/sources_1/imports/VGA/VgaController.v:1]
INFO: [Synth 8-6155] done synthesizing module 'VgaController' (0#1) [D:/ZJUlesson/24Spring/CO/lab5/SOC-stall/OExp02-IP2SOC.srcs/sources_1/imports/VGA/VgaController.v:1]
INFO: [Synth 8-6157] synthesizing module 'VgaDisplay' [D:/ZJUlesson/24Spring/CO/lab5/SOC-stall/OExp02-IP2SOC.srcs/sources_1/imports/VGA/VgaDisplay.v:1]
INFO: [Synth 8-3876] $readmem data file 'D://vga_debugger.mem' is read successfully [D:/ZJUlesson/24Spring/CO/lab5/SOC-stall/OExp02-IP2SOC.srcs/sources_1/imports/VGA/VgaDisplay.v:15]
INFO: [Synth 8-3876] $readmem data file 'D://font_8x16.mem' is read successfully [D:/ZJUlesson/24Spring/CO/lab5/SOC-stall/OExp02-IP2SOC.srcs/sources_1/imports/VGA/VgaDisplay.v:25]
INFO: [Synth 8-6155] done synthesizing module 'VgaDisplay' (0#1) [D:/ZJUlesson/24Spring/CO/lab5/SOC-stall/OExp02-IP2SOC.srcs/sources_1/imports/VGA/VgaDisplay.v:1]
INFO: [Synth 8-6157] synthesizing module 'VgaDebugger' [D:/ZJUlesson/24Spring/CO/lab5/SOC-stall/OExp02-IP2SOC.srcs/sources_1/imports/VGA/VgaDebugger.v:5]
INFO: [Synth 8-6157] synthesizing module 'Hex2Ascii' [D:/ZJUlesson/24Spring/CO/lab5/SOC-stall/OExp02-IP2SOC.srcs/sources_1/imports/VGA/Hex2Ascii.v:23]
INFO: [Synth 8-6155] done synthesizing module 'Hex2Ascii' (0#1) [D:/ZJUlesson/24Spring/CO/lab5/SOC-stall/OExp02-IP2SOC.srcs/sources_1/imports/VGA/Hex2Ascii.v:23]
INFO: [Synth 8-6155] done synthesizing module 'VgaDebugger' (0#1) [D:/ZJUlesson/24Spring/CO/lab5/SOC-stall/OExp02-IP2SOC.srcs/sources_1/imports/VGA/VgaDebugger.v:5]
INFO: [Synth 8-6155] done synthesizing module 'VGA' (0#1) [D:/ZJUlesson/24Spring/CO/lab5/SOC-stall/OExp02-IP2SOC.srcs/sources_1/imports/VGA/VGA.v:23]
INFO: [Synth 8-6155] done synthesizing module 'CSSTE_pipeline' (0#1) [D:/ZJUlesson/24Spring/CO/lab5/SOC-stall/OExp02-IP2SOC.srcs/sources_1/new/CSSTE_pipline.v:23]
WARNING: [Synth 8-7137] Register valid_out_IDEX_reg in module ID_reg_Ex has both Set and reset with same priority. This may cause simulation mismatches. Consider rewriting code  [D:/ZJUlesson/24Spring/CO/lab5/SOC-stall/OExp02-IP2SOC.srcs/sources_1/imports/pipeline/ID_reg_Ex.v:60]
WARNING: [Synth 8-7129] Port inst_field[6] in module ImmGen is either unconnected or has no load
WARNING: [Synth 8-7129] Port inst_field[5] in module ImmGen is either unconnected or has no load
WARNING: [Synth 8-7129] Port inst_field[4] in module ImmGen is either unconnected or has no load
WARNING: [Synth 8-7129] Port inst_field[3] in module ImmGen is either unconnected or has no load
WARNING: [Synth 8-7129] Port inst_field[2] in module ImmGen is either unconnected or has no load
WARNING: [Synth 8-7129] Port inst_field[1] in module ImmGen is either unconnected or has no load
WARNING: [Synth 8-7129] Port inst_field[0] in module ImmGen is either unconnected or has no load
WARNING: [Synth 8-7129] Port MIO_ready in module SCPU_ctrl is either unconnected or has no load
WARNING: [Synth 8-7129] Port rst_stall in module stall is either unconnected or has no load
---------------------------------------------------------------------------------
Finished RTL Elaboration : Time (s): cpu = 00:00:01 ; elapsed = 00:00:05 . Memory (MB): peak = 1413.938 ; gain = 523.277
---------------------------------------------------------------------------------
---------------------------------------------------------------------------------
Start Handling Custom Attributes
---------------------------------------------------------------------------------
---------------------------------------------------------------------------------
Finished Handling Custom Attributes : Time (s): cpu = 00:00:01 ; elapsed = 00:00:05 . Memory (MB): peak = 1413.938 ; gain = 523.277
---------------------------------------------------------------------------------
---------------------------------------------------------------------------------
Finished RTL Optimization Phase 1 : Time (s): cpu = 00:00:01 ; elapsed = 00:00:05 . Memory (MB): peak = 1413.938 ; gain = 523.277
---------------------------------------------------------------------------------
Netlist sorting complete. Time (s): cpu = 00:00:00 ; elapsed = 00:00:00.049 . Memory (MB): peak = 1415.320 ; gain = 0.000
INFO: [Netlist 29-17] Analyzing 40 Unisim elements for replacement
INFO: [Netlist 29-28] Unisim Transformation completed in 0 CPU seconds
INFO: [Project 1-570] Preparing netlist for logic optimization

Processing XDC Constraints
Initializing timing engine
Parsing XDC File [d:/ZJUlesson/24Spring/CO/lab5/SOC-stall/OExp02-IP2SOC.gen/sources_1/ip/RAM_B/RAM_B/RAM_B_in_context.xdc] for cell 'u3'
Finished Parsing XDC File [d:/ZJUlesson/24Spring/CO/lab5/SOC-stall/OExp02-IP2SOC.gen/sources_1/ip/RAM_B/RAM_B/RAM_B_in_context.xdc] for cell 'u3'
Parsing XDC File [d:/ZJUlesson/24Spring/CO/lab5/SOC-stall/OExp02-IP2SOC.gen/sources_1/ip/ROM/ROM/ROM_in_context.xdc] for cell 'u2'
Finished Parsing XDC File [d:/ZJUlesson/24Spring/CO/lab5/SOC-stall/OExp02-IP2SOC.gen/sources_1/ip/ROM/ROM/ROM_in_context.xdc] for cell 'u2'
Parsing XDC File [D:/ZJUlesson/24Spring/CO/lab5/SOC-stall/OExp02-IP2SOC.srcs/constrs_1/imports/OExp02-IP2SOC/A7.xdc]
Finished Parsing XDC File [D:/ZJUlesson/24Spring/CO/lab5/SOC-stall/OExp02-IP2SOC.srcs/constrs_1/imports/OExp02-IP2SOC/A7.xdc]
INFO: [Project 1-236] Implementation specific constraints were found while reading constraint file [D:/ZJUlesson/24Spring/CO/lab5/SOC-stall/OExp02-IP2SOC.srcs/constrs_1/imports/OExp02-IP2SOC/A7.xdc]. These constraints will be ignored for synthesis but will be used in implementation. Impacted constraints are listed in the file [.Xil/CSSTE_pipeline_propImpl.xdc].
Resolution: To avoid this warning, move constraints listed in [.Xil/CSSTE_pipeline_propImpl.xdc] to another XDC file and exclude this new file from synthesis with the used_in_synthesis property (File Properties dialog in GUI) and re-run elaboration/synthesis.
Parsing XDC File [D:/ZJUlesson/24Spring/CO/lab5/SOC-stall/OExp02-IP2SOC.runs/synth_1/dont_touch.xdc]
Finished Parsing XDC File [D:/ZJUlesson/24Spring/CO/lab5/SOC-stall/OExp02-IP2SOC.runs/synth_1/dont_touch.xdc]
Completed Processing XDC Constraints

Netlist sorting complete. Time (s): cpu = 00:00:00 ; elapsed = 00:00:00 . Memory (MB): peak = 1521.039 ; gain = 0.000
INFO: [Project 1-111] Unisim Transformation Summary:
  A total of 40 instances were transformed.
  AND2 => LUT2: 1 instance 
  AND3 => LUT3: 11 instances
  AND4 => LUT4: 9 instances
  INV => LUT1: 5 instances
  OR2 => LUT2: 7 instances
  OR3 => LUT3: 3 instances
  OR4 => LUT4: 4 instances

Constraint Validation Runtime : Time (s): cpu = 00:00:00 ; elapsed = 00:00:00.008 . Memory (MB): peak = 1521.039 ; gain = 0.000
INFO: [Designutils 20-5440] No compile time benefit to using incremental synthesis; A full resynthesis will be run
INFO: [Designutils 20-4379] Flow is switching to default flow due to incremental criteria not met. If you would like to alter this behaviour and have the flow terminate instead, please set the following parameter config_implementation {autoIncr.Synth.RejectBehavior Terminate}
---------------------------------------------------------------------------------
Finished Constraint Validation : Time (s): cpu = 00:00:03 ; elapsed = 00:00:11 . Memory (MB): peak = 1521.039 ; gain = 630.379
---------------------------------------------------------------------------------
---------------------------------------------------------------------------------
Start Loading Part and Timing Information
---------------------------------------------------------------------------------
Loading part: xc7a100tcsg324-1
---------------------------------------------------------------------------------
Finished Loading Part and Timing Information : Time (s): cpu = 00:00:03 ; elapsed = 00:00:11 . Memory (MB): peak = 1521.039 ; gain = 630.379
---------------------------------------------------------------------------------
---------------------------------------------------------------------------------
Start Applying 'set_property' XDC Constraints
---------------------------------------------------------------------------------
Applied set_property KEEP_HIERARCHY = SOFT for u3. (constraint file  auto generated constraint).
Applied set_property KEEP_HIERARCHY = SOFT for u2. (constraint file  auto generated constraint).
---------------------------------------------------------------------------------
Finished applying 'set_property' XDC Constraints : Time (s): cpu = 00:00:03 ; elapsed = 00:00:11 . Memory (MB): peak = 1521.039 ; gain = 630.379
---------------------------------------------------------------------------------
---------------------------------------------------------------------------------
Finished RTL Optimization Phase 2 : Time (s): cpu = 00:00:03 ; elapsed = 00:00:17 . Memory (MB): peak = 1521.039 ; gain = 630.379
---------------------------------------------------------------------------------
---------------------------------------------------------------------------------
Start RTL Component Statistics 
---------------------------------------------------------------------------------
Detailed RTL Component Info : 
+---Adders : 
	   2 Input   32 Bit       Adders := 4     
	   3 Input   32 Bit       Adders := 1     
	   2 Input   12 Bit       Adders := 1     
	   2 Input   10 Bit       Adders := 3     
	   2 Input    9 Bit       Adders := 1     
	   3 Input    8 Bit       Adders := 1     
+---XORs : 
	   2 Input     32 Bit         XORs := 1     
+---Registers : 
	               32 Bit    Registers := 45    
	               12 Bit    Registers := 1     
	               10 Bit    Registers := 2     
	                5 Bit    Registers := 3     
	                4 Bit    Registers := 1     
	                2 Bit    Registers := 5     
	                1 Bit    Registers := 17    
+---Muxes : 
	   2 Input   32 Bit        Muxes := 11    
	   2 Input   10 Bit        Muxes := 1     
	   2 Input    9 Bit        Muxes := 1     
	   8 Input    8 Bit        Muxes := 1     
	   2 Input    5 Bit        Muxes := 1     
	   9 Input    4 Bit        Muxes := 1     
	  14 Input    4 Bit        Muxes := 1     
	   2 Input    4 Bit        Muxes := 2     
	 428 Input    4 Bit        Muxes := 1     
	   9 Input    3 Bit        Muxes := 1     
	   9 Input    2 Bit        Muxes := 3     
	   2 Input    2 Bit        Muxes := 2     
	   2 Input    1 Bit        Muxes := 36    
	   9 Input    1 Bit        Muxes := 4     
	   8 Input    1 Bit        Muxes := 1     
	 428 Input    1 Bit        Muxes := 1     
---------------------------------------------------------------------------------
Finished RTL Component Statistics 
---------------------------------------------------------------------------------
---------------------------------------------------------------------------------
Start Part Resource Summary
---------------------------------------------------------------------------------
Part Resources:
DSPs: 240 (col length:80)
BRAMs: 270 (col length: RAMB18 80 RAMB36 40)
---------------------------------------------------------------------------------
Finished Part Resource Summary
---------------------------------------------------------------------------------
---------------------------------------------------------------------------------
Start Cross Boundary and Area Optimization
---------------------------------------------------------------------------------
WARNING: [Synth 8-7080] Parallel synthesis criteria is not met
WARNING: [Synth 8-7129] Port Inst_in_ID[1] in module Pipeline_ID is either unconnected or has no load
WARNING: [Synth 8-7129] Port Inst_in_ID[0] in module Pipeline_ID is either unconnected or has no load
WARNING: [Synth 8-7129] Port rst_stall in module stall is either unconnected or has no load
WARNING: [Synth 8-6849] Infeasible attribute ram_style = "block" set for RAM "CSSTE_pipeline/u11/vga_display/display_data_reg",trying to implement using LUTRAM
WARNING: [Synth 8-6849] Infeasible attribute ram_style = "block" set for RAM "CSSTE_pipeline/u11/vga_display/display_data_reg",trying to implement using LUTRAM
---------------------------------------------------------------------------------
Finished Cross Boundary and Area Optimization : Time (s): cpu = 00:00:09 ; elapsed = 00:00:47 . Memory (MB): peak = 1521.039 ; gain = 630.379
---------------------------------------------------------------------------------
---------------------------------------------------------------------------------
Start ROM, RAM, DSP, Shift Register and Retiming Reporting
---------------------------------------------------------------------------------

ROM: Preliminary Mapping Report
+---------------+------------+---------------+----------------+
|Module Name    | RTL Object | Depth x Width | Implemented As | 
+---------------+------------+---------------+----------------+
|VgaDisplay     | fonts_data | 4096x8        | LUT            | 
|CSSTE_pipeline | p_0_out    | 4096x8        | LUT            | 
+---------------+------------+---------------+----------------+


Distributed RAM: Preliminary Mapping Report (see note below)
+---------------+----------------------------------+-----------+----------------------+---------------+
|Module Name    | RTL Object                       | Inference | Size (Depth x Width) | Primitives    | 
+---------------+----------------------------------+-----------+----------------------+---------------+
|CSSTE_pipeline | u11/vga_display/display_data_reg | Implied   | 4 K x 7              | RAM64M x 192  | 
+---------------+----------------------------------+-----------+----------------------+---------------+

Note: The table above is a preliminary report that shows the Distributed RAMs at the current stage of the synthesis flow. Some Distributed RAMs may be reimplemented as non Distributed RAM primitives later in the synthesis flow. Multiple instantiated RAMs are reported only once.
---------------------------------------------------------------------------------
Finished ROM, RAM, DSP, Shift Register and Retiming Reporting
---------------------------------------------------------------------------------
---------------------------------------------------------------------------------
Start Applying XDC Timing Constraints
---------------------------------------------------------------------------------
---------------------------------------------------------------------------------
Finished Applying XDC Timing Constraints : Time (s): cpu = 00:00:10 ; elapsed = 00:00:52 . Memory (MB): peak = 1521.039 ; gain = 630.379
---------------------------------------------------------------------------------
---------------------------------------------------------------------------------
Start Timing Optimization
---------------------------------------------------------------------------------
---------------------------------------------------------------------------------
Finished Timing Optimization : Time (s): cpu = 00:00:10 ; elapsed = 00:00:52 . Memory (MB): peak = 1521.039 ; gain = 630.379
---------------------------------------------------------------------------------
---------------------------------------------------------------------------------
Start ROM, RAM, DSP, Shift Register and Retiming Reporting
---------------------------------------------------------------------------------

Distributed RAM: Final Mapping Report
+---------------+----------------------------------+-----------+----------------------+---------------+
|Module Name    | RTL Object                       | Inference | Size (Depth x Width) | Primitives    | 
+---------------+----------------------------------+-----------+----------------------+---------------+
|CSSTE_pipeline | u11/vga_display/display_data_reg | Implied   | 4 K x 7              | RAM64M x 192  | 
+---------------+----------------------------------+-----------+----------------------+---------------+

---------------------------------------------------------------------------------
Finished ROM, RAM, DSP, Shift Register and Retiming Reporting
---------------------------------------------------------------------------------
---------------------------------------------------------------------------------
Start Technology Mapping
---------------------------------------------------------------------------------
---------------------------------------------------------------------------------
Finished Technology Mapping : Time (s): cpu = 00:00:10 ; elapsed = 00:00:53 . Memory (MB): peak = 1521.039 ; gain = 630.379
---------------------------------------------------------------------------------
---------------------------------------------------------------------------------
Start IO Insertion
---------------------------------------------------------------------------------
---------------------------------------------------------------------------------
Start Flattening Before IO Insertion
---------------------------------------------------------------------------------
---------------------------------------------------------------------------------
Finished Flattening Before IO Insertion
---------------------------------------------------------------------------------
---------------------------------------------------------------------------------
Start Final Netlist Cleanup
---------------------------------------------------------------------------------
---------------------------------------------------------------------------------
Finished Final Netlist Cleanup
---------------------------------------------------------------------------------
CRITICAL WARNING: [Synth 8-4442] BlackBox module u9 has unconnected pin readn
---------------------------------------------------------------------------------
Finished IO Insertion : Time (s): cpu = 00:00:11 ; elapsed = 00:00:56 . Memory (MB): peak = 1521.039 ; gain = 630.379
---------------------------------------------------------------------------------
---------------------------------------------------------------------------------
Start Renaming Generated Instances
---------------------------------------------------------------------------------
---------------------------------------------------------------------------------
Finished Renaming Generated Instances : Time (s): cpu = 00:00:11 ; elapsed = 00:00:56 . Memory (MB): peak = 1521.039 ; gain = 630.379
---------------------------------------------------------------------------------
---------------------------------------------------------------------------------
Start Rebuilding User Hierarchy
---------------------------------------------------------------------------------
---------------------------------------------------------------------------------
Finished Rebuilding User Hierarchy : Time (s): cpu = 00:00:11 ; elapsed = 00:00:56 . Memory (MB): peak = 1521.039 ; gain = 630.379
---------------------------------------------------------------------------------
---------------------------------------------------------------------------------
Start Renaming Generated Ports
---------------------------------------------------------------------------------
---------------------------------------------------------------------------------
Finished Renaming Generated Ports : Time (s): cpu = 00:00:11 ; elapsed = 00:00:56 . Memory (MB): peak = 1521.039 ; gain = 630.379
---------------------------------------------------------------------------------
---------------------------------------------------------------------------------
Start Handling Custom Attributes
---------------------------------------------------------------------------------
---------------------------------------------------------------------------------
Finished Handling Custom Attributes : Time (s): cpu = 00:00:11 ; elapsed = 00:00:56 . Memory (MB): peak = 1521.039 ; gain = 630.379
---------------------------------------------------------------------------------
---------------------------------------------------------------------------------
Start Renaming Generated Nets
---------------------------------------------------------------------------------
---------------------------------------------------------------------------------
Finished Renaming Generated Nets : Time (s): cpu = 00:00:11 ; elapsed = 00:00:57 . Memory (MB): peak = 1521.039 ; gain = 630.379
---------------------------------------------------------------------------------
---------------------------------------------------------------------------------
Start Writing Synthesis Report
---------------------------------------------------------------------------------

Report BlackBoxes: 
+------+--------------+----------+
|      |BlackBox name |Instances |
+------+--------------+----------+
|1     |ROM           |         1|
|2     |RAM_B         |         1|
|3     |MIO_BUS       |         1|
|4     |Multi_8CH32   |         1|
|5     |SPIO          |         1|
|6     |clk_div       |         1|
|7     |SAnti_jitter  |         1|
|8     |Counter_x     |         1|
+------+--------------+----------+

Report Cell Usage: 
+------+------------------+------+
|      |Cell              |Count |
+------+------------------+------+
|1     |Counter_x_bbox    |     1|
|2     |MIO_BUS_bbox      |     1|
|3     |Multi_8CH32_bbox  |     1|
|4     |RAM_B             |     1|
|5     |ROM               |     1|
|6     |SAnti_jitter_bbox |     1|
|7     |SPIO_bbox         |     1|
|8     |clk_div_bbox      |     1|
|9     |AND2              |     1|
|10    |AND3              |    11|
|11    |AND4              |     9|
|12    |BUFG              |     2|
|13    |CARRY4            |    59|
|14    |INV               |     5|
|15    |LUT1              |     7|
|16    |LUT2              |   198|
|17    |LUT3              |   128|
|18    |LUT4              |   257|
|19    |LUT5              |   564|
|20    |LUT6              |  2143|
|21    |MUXF7             |   426|
|22    |MUXF8             |   101|
|23    |OR2               |     7|
|24    |OR3               |     3|
|25    |OR4               |     4|
|26    |RAM64M            |   128|
|27    |RAM64X1D          |    62|
|28    |FDCE              |  1487|
|29    |FDRE              |    46|
|30    |FDSE              |     2|
|31    |IBUF              |    22|
|32    |OBUF              |    46|
+------+------------------+------+
---------------------------------------------------------------------------------
Finished Writing Synthesis Report : Time (s): cpu = 00:00:11 ; elapsed = 00:00:57 . Memory (MB): peak = 1521.039 ; gain = 630.379
---------------------------------------------------------------------------------
Synthesis finished with 0 errors, 1 critical warnings and 6 warnings.
Synthesis Optimization Runtime : Time (s): cpu = 00:00:09 ; elapsed = 00:00:55 . Memory (MB): peak = 1521.039 ; gain = 523.277
Synthesis Optimization Complete : Time (s): cpu = 00:00:11 ; elapsed = 00:00:57 . Memory (MB): peak = 1521.039 ; gain = 630.379
INFO: [Project 1-571] Translating synthesized netlist
Parsing EDIF File [D:/ZJUlesson/24Spring/CO/lab5/SOC-stall/OExp02-IP2SOC.srcs/sources_1/imports/Supplementary/MIO_BUS.edf]
Finished Parsing EDIF File [D:/ZJUlesson/24Spring/CO/lab5/SOC-stall/OExp02-IP2SOC.srcs/sources_1/imports/Supplementary/MIO_BUS.edf]
Parsing EDIF File [D:/ZJUlesson/24Spring/CO/lab5/SOC-stall/OExp02-IP2SOC.srcs/sources_1/imports/Supplementary/Multi_8CH32.edf]
Finished Parsing EDIF File [D:/ZJUlesson/24Spring/CO/lab5/SOC-stall/OExp02-IP2SOC.srcs/sources_1/imports/Supplementary/Multi_8CH32.edf]
Parsing EDIF File [D:/ZJUlesson/24Spring/CO/lab5/SOC-stall/OExp02-IP2SOC.srcs/sources_1/imports/Supplementary/SPIO.edf]
Finished Parsing EDIF File [D:/ZJUlesson/24Spring/CO/lab5/SOC-stall/OExp02-IP2SOC.srcs/sources_1/imports/Supplementary/SPIO.edf]
Parsing EDIF File [D:/ZJUlesson/24Spring/CO/lab5/SOC-stall/OExp02-IP2SOC.srcs/sources_1/imports/Supplementary/clk_div.edf]
Finished Parsing EDIF File [D:/ZJUlesson/24Spring/CO/lab5/SOC-stall/OExp02-IP2SOC.srcs/sources_1/imports/Supplementary/clk_div.edf]
Parsing EDIF File [D:/ZJUlesson/24Spring/CO/lab5/SOC-stall/OExp02-IP2SOC.srcs/sources_1/imports/Supplementary/SAnti_jitter.edf]
Finished Parsing EDIF File [D:/ZJUlesson/24Spring/CO/lab5/SOC-stall/OExp02-IP2SOC.srcs/sources_1/imports/Supplementary/SAnti_jitter.edf]
Parsing EDIF File [D:/ZJUlesson/24Spring/CO/lab5/SOC-stall/OExp02-IP2SOC.srcs/sources_1/imports/Supplementary/Counter_x.edf]
Finished Parsing EDIF File [D:/ZJUlesson/24Spring/CO/lab5/SOC-stall/OExp02-IP2SOC.srcs/sources_1/imports/Supplementary/Counter_x.edf]
Netlist sorting complete. Time (s): cpu = 00:00:00 ; elapsed = 00:00:00.091 . Memory (MB): peak = 1521.039 ; gain = 0.000
INFO: [Netlist 29-17] Analyzing 914 Unisim elements for replacement
INFO: [Netlist 29-28] Unisim Transformation completed in 0 CPU seconds
INFO: [Project 1-479] Netlist was created with Vivado 2017.4
INFO: [Project 1-570] Preparing netlist for logic optimization
INFO: [Opt 31-138] Pushed 0 inverter(s) to 0 load pin(s).
Netlist sorting complete. Time (s): cpu = 00:00:00 ; elapsed = 00:00:00.001 . Memory (MB): peak = 1521.039 ; gain = 0.000
INFO: [Project 1-111] Unisim Transformation Summary:
  A total of 230 instances were transformed.
  AND2 => LUT2: 1 instance 
  AND3 => LUT3: 11 instances
  AND4 => LUT4: 9 instances
  INV => LUT1: 5 instances
  OR2 => LUT2: 7 instances
  OR3 => LUT3: 3 instances
  OR4 => LUT4: 4 instances
  RAM64M => RAM64M (RAMD64E(x4)): 128 instances
  RAM64X1D => RAM64X1D (RAMD64E(x2)): 62 instances

Synth Design complete | Checksum: ea41e9f5
INFO: [Common 17-83] Releasing license: Synthesis
107 Infos, 29 Warnings, 1 Critical Warnings and 0 Errors encountered.
synth_design completed successfully
synth_design: Time (s): cpu = 00:00:13 ; elapsed = 00:01:01 . Memory (MB): peak = 1521.039 ; gain = 1029.656
INFO: [runtcl-6] Synthesis results are not added to the cache due to CRITICAL_WARNING
INFO: [Common 17-1381] The checkpoint 'D:/ZJUlesson/24Spring/CO/lab5/SOC-stall/OExp02-IP2SOC.runs/synth_1/CSSTE_pipeline.dcp' has been generated.
INFO: [runtcl-4] Executing : report_utilization -file CSSTE_pipeline_utilization_synth.rpt -pb CSSTE_pipeline_utilization_synth.pb
INFO: [Common 17-206] Exiting Vivado at Thu Jun  6 19:31:31 2024...
