Copyright 1986-2022 Xilinx, Inc. All Rights Reserved. Copyright 2022-2023 Advanced Micro Devices, Inc. All Rights Reserved.
-------------------------------------------------------------------------------------------------------------------------------------------------
| Tool Version     : Vivado v.2023.1 (win64) Build 3865809 Sun May  7 15:05:29 MDT 2023
| Date             : Thu Mar 21 20:03:46 2024
| Host             : LAPTOP-24U2CQ3S running 64-bit major release  (build 9200)
| Command          : report_power -file CSSTE_power_routed.rpt -pb CSSTE_power_summary_routed.pb -rpx CSSTE_power_routed.rpx
| Design           : CSSTE
| Device           : xc7a100tcsg324-1
| Design State     : routed
| Grade            : commercial
| Process          : typical
| Characterization : Production
-------------------------------------------------------------------------------------------------------------------------------------------------

Power Report

Table of Contents
-----------------
1. Summary
1.1 On-Chip Components
1.2 Power Supply Summary
1.3 Confidence Level
2. Settings
2.1 Environment
2.2 Clock Constraints
3. Detailed Reports
3.1 By Hierarchy

1. Summary
----------

+--------------------------+----------------------------------+
| Total On-Chip Power (W)  | 52.170 (Junction temp exceeded!) |
| Design Power Budget (W)  | Unspecified*                     |
| Power Budget Margin (W)  | NA                               |
| Dynamic (W)              | 51.372                           |
| Device Static (W)        | 0.797                            |
| Effective TJA (C/W)      | 4.6                              |
| Max Ambient (C)          | 0.0                              |
| Junction Temperature (C) | 125.0                            |
| Confidence Level         | Low                              |
| Setting File             | ---                              |
| Simulation Activity File | ---                              |
| Design Nets Matched      | NA                               |
+--------------------------+----------------------------------+
* Specify Design Power Budget using, set_operating_conditions -design_power_budget <value in Watts>


1.1 On-Chip Components
----------------------

+--------------------------+-----------+----------+-----------+-----------------+
| On-Chip                  | Power (W) | Used     | Available | Utilization (%) |
+--------------------------+-----------+----------+-----------+-----------------+
| Slice Logic              |    12.137 |     4046 |       --- |             --- |
|   LUT as Logic           |     8.624 |     1942 |     63400 |            3.06 |
|   LUT as Distributed RAM |     2.670 |      768 |     19000 |            4.04 |
|   CARRY4                 |     0.346 |       97 |     15850 |            0.61 |
|   F7/F8 Muxes            |     0.342 |      491 |     63400 |            0.77 |
|   Register               |     0.123 |      562 |    126800 |            0.44 |
|   BUFG                   |     0.032 |        5 |        32 |           15.63 |
|   Others                 |     0.000 |       33 |       --- |             --- |
| Signals                  |    19.709 |     2702 |       --- |             --- |
| Block RAM                |     0.000 |        1 |       135 |            0.74 |
| I/O                      |    19.526 |       48 |       210 |           22.86 |
| Static Power             |     0.797 |          |           |                 |
| Total                    |    52.170 |          |           |                 |
+--------------------------+-----------+----------+-----------+-----------------+


1.2 Power Supply Summary
------------------------

+-----------+-------------+-----------+-------------+------------+-------------+-------------+------------+
| Source    | Voltage (V) | Total (A) | Dynamic (A) | Static (A) | Powerup (A) | Budget (A)  | Margin (A) |
+-----------+-------------+-----------+-------------+------------+-------------+-------------+------------+
| Vccint    |       1.000 |    32.477 |      31.914 |      0.563 |       NA    | Unspecified | NA         |
| Vccaux    |       1.800 |     0.806 |       0.713 |      0.093 |       NA    | Unspecified | NA         |
| Vcco33    |       3.300 |     5.511 |       5.507 |      0.004 |       NA    | Unspecified | NA         |
| Vcco25    |       2.500 |     0.000 |       0.000 |      0.000 |       NA    | Unspecified | NA         |
| Vcco18    |       1.800 |     0.000 |       0.000 |      0.000 |       NA    | Unspecified | NA         |
| Vcco15    |       1.500 |     0.000 |       0.000 |      0.000 |       NA    | Unspecified | NA         |
| Vcco135   |       1.350 |     0.000 |       0.000 |      0.000 |       NA    | Unspecified | NA         |
| Vcco12    |       1.200 |     0.000 |       0.000 |      0.000 |       NA    | Unspecified | NA         |
| Vccaux_io |       1.800 |     0.000 |       0.000 |      0.000 |       NA    | Unspecified | NA         |
| Vccbram   |       1.000 |     0.018 |       0.000 |      0.018 |       NA    | Unspecified | NA         |
| MGTAVcc   |       1.000 |     0.000 |       0.000 |      0.000 |       NA    | Unspecified | NA         |
| MGTAVtt   |       1.200 |     0.000 |       0.000 |      0.000 |       NA    | Unspecified | NA         |
| Vccadc    |       1.800 |     0.020 |       0.000 |      0.020 |       NA    | Unspecified | NA         |
+-----------+-------------+-----------+-------------+------------+-------------+-------------+------------+


1.3 Confidence Level
--------------------

+-----------------------------+------------+--------------------------------------------------------+--------------------------------------------------------------------------------------------------------------------+
| User Input Data             | Confidence | Details                                                | Action                                                                                                             |
+-----------------------------+------------+--------------------------------------------------------+--------------------------------------------------------------------------------------------------------------------+
| Design implementation state | High       | Design is routed                                       |                                                                                                                    |
| Clock nodes activity        | Low        | User specified less than 75% of clocks                 | Provide missing clock activity with a constraint file, simulation results or by editing the "By Clock Domain" view |
| I/O nodes activity          | Low        | More than 75% of inputs are missing user specification | Provide missing input activity with simulation results or by editing the "By Resource Type -> I/Os" view           |
| Internal nodes activity     | Medium     | User specified less than 25% of internal nodes         | Provide missing internal nodes activity with simulation results or by editing the "By Resource Type" views         |
| Device models               | High       | Device models are Production                           |                                                                                                                    |
|                             |            |                                                        |                                                                                                                    |
| Overall confidence level    | Low        |                                                        |                                                                                                                    |
+-----------------------------+------------+--------------------------------------------------------+--------------------------------------------------------------------------------------------------------------------+


2. Settings
-----------

2.1 Environment
---------------

+-----------------------+--------------------------+
| Ambient Temp (C)      | 25.0                     |
| ThetaJA (C/W)         | 4.6                      |
| Airflow (LFM)         | 250                      |
| Heat Sink             | medium (Medium Profile)  |
| ThetaSA (C/W)         | 4.6                      |
| Board Selection       | medium (10"x10")         |
| # of Board Layers     | 12to15 (12 to 15 Layers) |
| Board Temperature (C) | 25.0                     |
+-----------------------+--------------------------+


2.2 Clock Constraints
---------------------

+-------+--------+-----------------+
| Clock | Domain | Constraint (ns) |
+-------+--------+-----------------+


3. Detailed Reports
-------------------

3.1 By Hierarchy
----------------

+--------------------------------------+-----------+
| Name                                 | Power (W) |
+--------------------------------------+-----------+
| CSSTE                                |    51.372 |
|   U1                                 |     0.936 |
|     U1                               |     0.034 |
|     U2                               |     0.902 |
|       ALU_U                          |     0.014 |
|       PC                             |     0.619 |
|       Regs_U                         |     0.043 |
|       add32_0                        |     0.075 |
|       add32_1                        |     0.152 |
|   U10                                |     2.064 |
|   U11                                |    27.575 |
|     vga_controller                   |     7.031 |
|     vga_debugger                     |    11.938 |
|     vga_display                      |     8.607 |
|       display_data_reg_0_63_0_2      |     0.043 |
|       display_data_reg_0_63_3_5      |     0.015 |
|       display_data_reg_0_63_6_6      |     0.016 |
|       display_data_reg_1024_1087_0_2 |     0.032 |
|       display_data_reg_1024_1087_3_5 |     0.015 |
|       display_data_reg_1024_1087_6_6 |     0.016 |
|       display_data_reg_1088_1151_0_2 |     0.033 |
|       display_data_reg_1088_1151_3_5 |     0.018 |
|       display_data_reg_1088_1151_6_6 |     0.013 |
|       display_data_reg_1152_1215_0_2 |     0.041 |
|       display_data_reg_1152_1215_3_5 |     0.013 |
|       display_data_reg_1152_1215_6_6 |     0.013 |
|       display_data_reg_1216_1279_0_2 |     0.034 |
|       display_data_reg_1216_1279_3_5 |     0.012 |
|       display_data_reg_1216_1279_6_6 |     0.015 |
|       display_data_reg_1280_1343_0_2 |     0.035 |
|       display_data_reg_1280_1343_3_5 |     0.018 |
|       display_data_reg_1280_1343_6_6 |     0.015 |
|       display_data_reg_128_191_0_2   |     0.037 |
|       display_data_reg_128_191_3_5   |     0.017 |
|       display_data_reg_128_191_6_6   |     0.012 |
|       display_data_reg_1344_1407_0_2 |     0.041 |
|       display_data_reg_1344_1407_3_5 |     0.012 |
|       display_data_reg_1344_1407_6_6 |     0.014 |
|       display_data_reg_1408_1471_0_2 |     0.036 |
|       display_data_reg_1408_1471_3_5 |     0.015 |
|       display_data_reg_1408_1471_6_6 |     0.013 |
|       display_data_reg_1472_1535_0_2 |     0.037 |
|       display_data_reg_1472_1535_3_5 |     0.015 |
|       display_data_reg_1472_1535_6_6 |     0.015 |
|       display_data_reg_1536_1599_0_2 |     0.036 |
|       display_data_reg_1536_1599_3_5 |     0.013 |
|       display_data_reg_1536_1599_6_6 |     0.014 |
|       display_data_reg_1600_1663_0_2 |     0.036 |
|       display_data_reg_1600_1663_3_5 |     0.015 |
|       display_data_reg_1600_1663_6_6 |     0.014 |
|       display_data_reg_1664_1727_0_2 |     0.037 |
|       display_data_reg_1664_1727_3_5 |     0.014 |
|       display_data_reg_1664_1727_6_6 |     0.013 |
|       display_data_reg_1728_1791_0_2 |     0.042 |
|       display_data_reg_1728_1791_3_5 |     0.016 |
|       display_data_reg_1728_1791_6_6 |     0.015 |
|       display_data_reg_1792_1855_0_2 |     0.035 |
|       display_data_reg_1792_1855_3_5 |     0.016 |
|       display_data_reg_1792_1855_6_6 |     0.014 |
|       display_data_reg_1856_1919_0_2 |     0.038 |
|       display_data_reg_1856_1919_3_5 |     0.018 |
|       display_data_reg_1856_1919_6_6 |     0.013 |
|       display_data_reg_1920_1983_0_2 |     0.028 |
|       display_data_reg_1920_1983_3_5 |     0.019 |
|       display_data_reg_1920_1983_6_6 |     0.018 |
|       display_data_reg_192_255_0_2   |     0.039 |
|       display_data_reg_192_255_3_5   |     0.014 |
|       display_data_reg_192_255_6_6   |     0.015 |
|       display_data_reg_1984_2047_0_2 |     0.038 |
|       display_data_reg_1984_2047_3_5 |     0.016 |
|       display_data_reg_1984_2047_6_6 |     0.014 |
|       display_data_reg_2048_2111_0_2 |     0.033 |
|       display_data_reg_2048_2111_3_5 |     0.015 |
|       display_data_reg_2048_2111_6_6 |     0.014 |
|       display_data_reg_2112_2175_0_2 |     0.040 |
|       display_data_reg_2112_2175_3_5 |     0.019 |
|       display_data_reg_2112_2175_6_6 |     0.013 |
|       display_data_reg_2176_2239_0_2 |     0.035 |
|       display_data_reg_2176_2239_3_5 |     0.013 |
|       display_data_reg_2176_2239_6_6 |     0.017 |
|       display_data_reg_2240_2303_0_2 |     0.043 |
|       display_data_reg_2240_2303_3_5 |     0.017 |
|       display_data_reg_2240_2303_6_6 |     0.014 |
|       display_data_reg_2304_2367_0_2 |     0.034 |
|       display_data_reg_2304_2367_3_5 |     0.017 |
|       display_data_reg_2304_2367_6_6 |     0.014 |
|       display_data_reg_2368_2431_0_2 |     0.041 |
|       display_data_reg_2368_2431_3_5 |     0.014 |
|       display_data_reg_2368_2431_6_6 |     0.016 |
|       display_data_reg_2432_2495_0_2 |     0.045 |
|       display_data_reg_2432_2495_3_5 |     0.016 |
|       display_data_reg_2432_2495_6_6 |     0.015 |
|       display_data_reg_2496_2559_0_2 |     0.030 |
|       display_data_reg_2496_2559_3_5 |     0.016 |
|       display_data_reg_2496_2559_6_6 |     0.014 |
|       display_data_reg_2560_2623_0_2 |     0.036 |
|       display_data_reg_2560_2623_3_5 |     0.015 |
|       display_data_reg_2560_2623_6_6 |     0.013 |
|       display_data_reg_256_319_0_2   |     0.042 |
|       display_data_reg_256_319_3_5   |     0.014 |
|       display_data_reg_256_319_6_6   |     0.011 |
|       display_data_reg_2624_2687_0_2 |     0.032 |
|       display_data_reg_2624_2687_3_5 |     0.017 |
|       display_data_reg_2624_2687_6_6 |     0.014 |
|       display_data_reg_2688_2751_0_2 |     0.031 |
|       display_data_reg_2688_2751_3_5 |     0.015 |
|       display_data_reg_2688_2751_6_6 |     0.011 |
|       display_data_reg_2752_2815_0_2 |     0.033 |
|       display_data_reg_2752_2815_3_5 |     0.015 |
|       display_data_reg_2752_2815_6_6 |     0.014 |
|       display_data_reg_2816_2879_0_2 |     0.035 |
|       display_data_reg_2816_2879_3_5 |     0.015 |
|       display_data_reg_2816_2879_6_6 |     0.016 |
|       display_data_reg_2880_2943_0_2 |     0.045 |
|       display_data_reg_2880_2943_3_5 |     0.013 |
|       display_data_reg_2880_2943_6_6 |     0.018 |
|       display_data_reg_2944_3007_0_2 |     0.040 |
|       display_data_reg_2944_3007_3_5 |     0.016 |
|       display_data_reg_2944_3007_6_6 |     0.013 |
|       display_data_reg_3008_3071_0_2 |     0.032 |
|       display_data_reg_3008_3071_3_5 |     0.012 |
|       display_data_reg_3008_3071_6_6 |     0.013 |
|       display_data_reg_3072_3135_0_2 |     0.040 |
|       display_data_reg_3072_3135_3_5 |     0.020 |
|       display_data_reg_3072_3135_6_6 |     0.018 |
|       display_data_reg_3136_3199_0_2 |     0.038 |
|       display_data_reg_3136_3199_3_5 |     0.018 |
|       display_data_reg_3136_3199_6_6 |     0.019 |
|       display_data_reg_3200_3263_0_2 |     0.036 |
|       display_data_reg_3200_3263_3_5 |     0.016 |
|       display_data_reg_3200_3263_6_6 |     0.013 |
|       display_data_reg_320_383_0_2   |     0.045 |
|       display_data_reg_320_383_3_5   |     0.016 |
|       display_data_reg_320_383_6_6   |     0.016 |
|       display_data_reg_3264_3327_0_2 |     0.033 |
|       display_data_reg_3264_3327_3_5 |     0.016 |
|       display_data_reg_3264_3327_6_6 |     0.014 |
|       display_data_reg_3328_3391_0_2 |     0.042 |
|       display_data_reg_3328_3391_3_5 |     0.014 |
|       display_data_reg_3328_3391_6_6 |     0.013 |
|       display_data_reg_3392_3455_0_2 |     0.036 |
|       display_data_reg_3392_3455_3_5 |     0.019 |
|       display_data_reg_3392_3455_6_6 |     0.012 |
|       display_data_reg_3456_3519_0_2 |     0.030 |
|       display_data_reg_3456_3519_3_5 |     0.014 |
|       display_data_reg_3456_3519_6_6 |     0.015 |
|       display_data_reg_3520_3583_0_2 |     0.033 |
|       display_data_reg_3520_3583_3_5 |     0.018 |
|       display_data_reg_3520_3583_6_6 |     0.016 |
|       display_data_reg_3584_3647_0_2 |     0.039 |
|       display_data_reg_3584_3647_3_5 |     0.019 |
|       display_data_reg_3584_3647_6_6 |     0.012 |
|       display_data_reg_3648_3711_0_2 |     0.045 |
|       display_data_reg_3648_3711_3_5 |     0.014 |
|       display_data_reg_3648_3711_6_6 |     0.017 |
|       display_data_reg_3712_3775_0_2 |     0.031 |
|       display_data_reg_3712_3775_3_5 |     0.017 |
|       display_data_reg_3712_3775_6_6 |     0.015 |
|       display_data_reg_3776_3839_0_2 |     0.035 |
|       display_data_reg_3776_3839_3_5 |     0.015 |
|       display_data_reg_3776_3839_6_6 |     0.012 |
|       display_data_reg_3840_3903_0_2 |     0.037 |
|       display_data_reg_3840_3903_3_5 |     0.015 |
|       display_data_reg_3840_3903_6_6 |     0.013 |
|       display_data_reg_384_447_0_2   |     0.040 |
|       display_data_reg_384_447_3_5   |     0.017 |
|       display_data_reg_384_447_6_6   |     0.011 |
|       display_data_reg_3904_3967_0_2 |     0.030 |
|       display_data_reg_3904_3967_3_5 |     0.017 |
|       display_data_reg_3904_3967_6_6 |     0.014 |
|       display_data_reg_3968_4031_0_2 |     0.035 |
|       display_data_reg_3968_4031_3_5 |     0.017 |
|       display_data_reg_3968_4031_6_6 |     0.013 |
|       display_data_reg_4032_4095_0_2 |     0.033 |
|       display_data_reg_4032_4095_3_5 |     0.016 |
|       display_data_reg_4032_4095_6_6 |     0.015 |
|       display_data_reg_448_511_0_2   |     0.037 |
|       display_data_reg_448_511_3_5   |     0.014 |
|       display_data_reg_448_511_6_6   |     0.013 |
|       display_data_reg_512_575_0_2   |     0.028 |
|       display_data_reg_512_575_3_5   |     0.019 |
|       display_data_reg_512_575_6_6   |     0.012 |
|       display_data_reg_576_639_0_2   |     0.038 |
|       display_data_reg_576_639_3_5   |     0.013 |
|       display_data_reg_576_639_6_6   |     0.013 |
|       display_data_reg_640_703_0_2   |     0.036 |
|       display_data_reg_640_703_3_5   |     0.022 |
|       display_data_reg_640_703_6_6   |     0.013 |
|       display_data_reg_64_127_0_2    |     0.035 |
|       display_data_reg_64_127_3_5    |     0.014 |
|       display_data_reg_64_127_6_6    |     0.017 |
|       display_data_reg_704_767_0_2   |     0.032 |
|       display_data_reg_704_767_3_5   |     0.015 |
|       display_data_reg_704_767_6_6   |     0.012 |
|       display_data_reg_768_831_0_2   |     0.033 |
|       display_data_reg_768_831_3_5   |     0.013 |
|       display_data_reg_768_831_6_6   |     0.014 |
|       display_data_reg_832_895_0_2   |     0.033 |
|       display_data_reg_832_895_3_5   |     0.017 |
|       display_data_reg_832_895_6_6   |     0.013 |
|       display_data_reg_896_959_0_2   |     0.051 |
|       display_data_reg_896_959_3_5   |     0.016 |
|       display_data_reg_896_959_6_6   |     0.017 |
|       display_data_reg_960_1023_0_2  |     0.037 |
|       display_data_reg_960_1023_3_5  |     0.016 |
|       display_data_reg_960_1023_6_6  |     0.015 |
|   U2                                 |     0.054 |
|     U0                               |     0.054 |
|       synth_options.dist_mem_inst    |     0.054 |
|   U4                                 |     0.043 |
|   U5                                 |     0.235 |
|   U6                                 |     0.336 |
|     U2                               |     0.336 |
|   U8                                 |     0.311 |
|   U9                                 |     0.055 |
|     u1                               |     0.055 |
+--------------------------------------+-----------+


